0 info it worked if it ends with ok
1 verbose cli [ '/usr/local/bin/node', '/usr/local/bin/npm', 'run', 'build' ]
2 info using npm@3.10.10
3 info using node@v6.10.3
4 verbose run-script [ 'prebuild', 'build', 'postbuild' ]
5 info lifecycle coolsms-api-docs@1.0.0~prebuild: coolsms-api-docs@1.0.0
6 silly lifecycle coolsms-api-docs@1.0.0~prebuild: no script for prebuild, continuing
7 info lifecycle coolsms-api-docs@1.0.0~build: coolsms-api-docs@1.0.0
8 verbose lifecycle coolsms-api-docs@1.0.0~build: unsafe-perm in lifecycle true
9 verbose lifecycle coolsms-api-docs@1.0.0~build: PATH: /usr/local/lib/node_modules/npm/bin/node-gyp-bin:/home/genie/coolsms-api-docs/frontpage/node_modules/.bin:/usr/local/rvm/gems/ruby-2.4.0/bin:/usr/local/rvm/gems/ruby-2.4.0@global/bin:/usr/local/rvm/rubies/ruby-2.4.0/bin:/usr/local/bin:/bin:/usr/bin:/usr/local/sbin:/usr/sbin:/sbin:/opt/aws/bin:/usr/local/rvm/bin:/home/genie/.local/bin:/home/genie/bin
10 verbose lifecycle coolsms-api-docs@1.0.0~build: CWD: /home/genie/coolsms-api-docs/frontpage
11 silly lifecycle coolsms-api-docs@1.0.0~build: Args: [ '-c', './hugo --theme dimension' ]
12 silly lifecycle coolsms-api-docs@1.0.0~build: Returned: code: 255  signal: null
13 info lifecycle coolsms-api-docs@1.0.0~build: Failed to exec build script
14 verbose stack Error: coolsms-api-docs@1.0.0 build: `./hugo --theme dimension`
14 verbose stack Exit status 255
14 verbose stack     at EventEmitter.<anonymous> (/usr/local/lib/node_modules/npm/lib/utils/lifecycle.js:255:16)
14 verbose stack     at emitTwo (events.js:106:13)
14 verbose stack     at EventEmitter.emit (events.js:191:7)
14 verbose stack     at ChildProcess.<anonymous> (/usr/local/lib/node_modules/npm/lib/utils/spawn.js:40:14)
14 verbose stack     at emitTwo (events.js:106:13)
14 verbose stack     at ChildProcess.emit (events.js:191:7)
14 verbose stack     at maybeClose (internal/child_process.js:886:16)
14 verbose stack     at Process.ChildProcess._handle.onexit (internal/child_process.js:226:5)
15 verbose pkgid coolsms-api-docs@1.0.0
16 verbose cwd /home/genie/coolsms-api-docs/frontpage
17 error Linux 4.9.38-16.33.amzn1.x86_64
18 error argv "/usr/local/bin/node" "/usr/local/bin/npm" "run" "build"
19 error node v6.10.3
20 error npm  v3.10.10
21 error code ELIFECYCLE
22 error coolsms-api-docs@1.0.0 build: `./hugo --theme dimension`
22 error Exit status 255
23 error Failed at the coolsms-api-docs@1.0.0 build script './hugo --theme dimension'.
23 error Make sure you have the latest version of node.js and npm installed.
23 error If you do, this is most likely a problem with the coolsms-api-docs package,
23 error not with npm itself.
23 error Tell the author that this fails on your system:
23 error     ./hugo --theme dimension
23 error You can get information on how to open an issue for this project with:
23 error     npm bugs coolsms-api-docs
23 error Or if that isn't available, you can get their info via:
23 error     npm owner ls coolsms-api-docs
23 error There is likely additional logging output above.
24 verbose exit [ 1, true ]
